Построение начато 19.04.2015 21:07:17.
     1>Проект "C:\Users\Марат\Documents\Visual Studio 2012\Projects\GeneticXOR\GeneticXOR\GeneticXOR.vcxproj" в узле 2 (целевые объекты Build).
     1>InitializeBuildStatus:
         Создание "Release\GeneticXOR.unsuccessfulbuild", так как было задано "AlwaysCreate".
       ClCompile:
         Для всех выходных данных обновления не требуется.
         C:\Program Files (x86)\Microsoft Visual Studio 11.0\VC\bin\CL.exe /c /Zi /nologo /W3 /WX- /sdl /O2 /Oi /Oy- /GL /D WIN32 /D NDEBUG /D _CONSOLE /D _UNICODE /D UNICODE /Gm- /EHsc /MD /GS /Gy /fp:precise /Zc:wchar_t /Zc:forScope /Yu"stdafx.h" /Fp"Release\GeneticXOR.pch" /Fo"Release\\" /Fd"Release\vc110.pdb" /Gd /TP /analyze- /errorReport:prompt GeneticXOR.cpp
         GeneticXOR.cpp
     1>GeneticXOR.cpp(70): warning C4244: инициализация: преобразование "float" в "int", возможна потеря данных
     1>GeneticXOR.cpp(79): warning C4244: +=: преобразование "double" в "int", возможна потеря данных
     1>GeneticXOR.cpp(89): warning C4018: <=: несоответствие типов со знаком и без знака
     1>GeneticXOR.cpp(90): warning C4244: +=: преобразование "double" в "float", возможна потеря данных
     1>GeneticXOR.cpp(115): warning C4244: аргумент: преобразование "time_t" в "unsigned int", возможна потеря данных
     1>GeneticXOR.cpp(173): warning C4244: инициализация: преобразование "double" в "float", возможна потеря данных
       Link:
         C:\Program Files (x86)\Microsoft Visual Studio 11.0\VC\bin\link.exe /ERRORREPORT:PROMPT /OUT:"C:\Users\Марат\Documents\Visual Studio 2012\Projects\GeneticXOR\Release\GeneticXOR.exe" /INCREMENTAL:NO /NOLOGO kernel32.lib user32.lib gdi32.lib winspool.lib comdlg32.lib advapi32.lib shell32.lib ole32.lib oleaut32.lib uuid.lib odbc32.lib odbccp32.lib /MANIFEST /MANIFESTUAC:"level='asInvoker' uiAccess='false'" /manifest:embed /DEBUG /PDB:"C:\Users\Марат\Documents\Visual Studio 2012\Projects\GeneticXOR\Release\GeneticXOR.pdb" /SUBSYSTEM:CONSOLE /OPT:REF /OPT:ICF /LTCG /TLBID:1 /DYNAMICBASE /NXCOMPAT /IMPLIB:"C:\Users\Марат\Documents\Visual Studio 2012\Projects\GeneticXOR\Release\GeneticXOR.lib" /MACHINE:X86 /SAFESEH Release\GeneticXOR.obj
         Release\INeiron.obj
         Release\Internal_Neiron.obj
         Release\In_Neiron.obj
         Release\Out_Neiron.obj
         Release\stdafx.obj
         Создание кода
         Создание кода завершено
         GeneticXOR.vcxproj -> C:\Users\Марат\Documents\Visual Studio 2012\Projects\GeneticXOR\Release\GeneticXOR.exe
       FinalizeBuildStatus:
         Файл "Release\GeneticXOR.unsuccessfulbuild" удаляется.
         Обращение к "Release\GeneticXOR.lastbuildstate".
     1>Построение проекта "C:\Users\Марат\Documents\Visual Studio 2012\Projects\GeneticXOR\GeneticXOR\GeneticXOR.vcxproj" завершено (целевые объекты Build).

Построение успешно завершено.

Затраченное время: 00:00:01.47
